<?xml version="1.0" encoding="utf-8"?><testsuites name="pytest tests"><testsuite name="pytest" errors="0" failures="0" skipped="0" tests="20" time="8.007" timestamp="2026-04-01T18:47:14.824397+00:00" hostname="agent-env-ddfc1ce2-fabc-46ce-adbc-a94ed26bb4c2"><testcase classname="backend.tests.test_glimmer_quest_api.TestHealthAndBasic" name="test_api_root" time="0.211" /><testcase classname="backend.tests.test_glimmer_quest_api.TestPlayerManagement" name="test_create_new_player" time="0.168" /><testcase classname="backend.tests.test_glimmer_quest_api.TestPlayerManagement" name="test_get_existing_player" time="0.311" /><testcase classname="backend.tests.test_glimmer_quest_api.TestPlayerManagement" name="test_get_nonexistent_player" time="0.160" /><testcase classname="backend.tests.test_glimmer_quest_api.TestGameFlow" name="test_start_game" time="0.213" /><testcase classname="backend.tests.test_glimmer_quest_api.TestGameFlow" name="test_end_game_with_score" time="0.423" /><testcase classname="backend.tests.test_glimmer_quest_api.TestGameFlow" name="test_start_game_no_lives" time="0.853" /><testcase classname="backend.tests.test_glimmer_quest_api.TestShop" name="test_get_shop_prices" time="0.127" /><testcase classname="backend.tests.test_glimmer_quest_api.TestShop" name="test_purchase_lives" time="0.241" /><testcase classname="backend.tests.test_glimmer_quest_api.TestShop" name="test_purchase_insufficient_coins" time="2.647" /><testcase classname="backend.tests.test_glimmer_quest_api.TestPowerUps" name="test_use_power_up" time="0.254" /><testcase classname="backend.tests.test_glimmer_quest_api.TestPowerUps" name="test_use_power_up_none_available" time="0.341" /><testcase classname="backend.tests.test_glimmer_quest_api.TestDailyRewards" name="test_get_daily_reward_status" time="0.261" /><testcase classname="backend.tests.test_glimmer_quest_api.TestDailyRewards" name="test_claim_daily_reward" time="0.224" /><testcase classname="backend.tests.test_glimmer_quest_api.TestDailyRewards" name="test_claim_daily_reward_twice" time="0.345" /><testcase classname="backend.tests.test_glimmer_quest_api.TestLeaderboard" name="test_get_leaderboard" time="0.109" /><testcase classname="backend.tests.test_glimmer_quest_api.TestLeaderboard" name="test_leaderboard_limit" time="0.103" /><testcase classname="backend.tests.test_glimmer_quest_api.TestAds" name="test_watch_ad_for_coins" time="0.225" /><testcase classname="backend.tests.test_glimmer_quest_api.TestAds" name="test_watch_ad_for_life" time="0.429" /><testcase classname="backend.tests.test_glimmer_quest_api.TestIAP" name="test_get_iap_packages" time="0.118" /></testsuite></testsuites>